[2018-01-26 09:14:13.528849] INFO: monkey小工具各流程日志输出: 当前模块 判断系统，使用相应的命令
[2018-01-26 09:14:13.531851] INFO: monkey小工具各流程日志输出: 全部args参数参数信息 , ()
[2018-01-26 09:14:13.531851] INFO: monkey小工具各流程日志输出: 全部kwargs参数信息 , {}
[2018-01-26 09:14:13.741852] INFO: monkey小工具各流程日志输出: 测试小程序开始启动！测试开启！
[2018-01-26 09:14:13.742878] INFO: monkey小工具各流程日志输出: 当前模块 获取设备状态
[2018-01-26 09:14:13.744852] INFO: monkey小工具各流程日志输出: 全部args参数参数信息 , ()
[2018-01-26 09:14:13.744852] INFO: monkey小工具各流程日志输出: 全部kwargs参数信息 , {}
[2018-01-26 09:14:18.513852] INFO: monkey小工具各流程日志输出: 当前模块 次用线程来启动测试！采集cpu占用率,上传下载流量，内存
[2018-01-26 09:14:18.514850] INFO: monkey小工具各流程日志输出: 全部args参数参数信息 , ()
[2018-01-26 09:14:18.515851] INFO: monkey小工具各流程日志输出: 全部kwargs参数信息 , {}
[2018-01-26 09:14:44.634857] INFO: monkey小工具各流程日志输出: 当前模块 次用线程来启动测试！采集cpu占用率,上传下载流量，内存
[2018-01-26 09:14:44.635856] INFO: monkey小工具各流程日志输出: 全部args参数参数信息 , ()
[2018-01-26 09:14:44.635856] INFO: monkey小工具各流程日志输出: 全部kwargs参数信息 , {}
[2018-01-26 09:14:45.922859] INFO: monkey小工具各流程日志输出: 当前模块 次用线程来启动测试！采集cpu占用率,上传下载流量，内存
[2018-01-26 09:14:45.923856] INFO: monkey小工具各流程日志输出: 全部args参数参数信息 , ()
[2018-01-26 09:14:45.924856] INFO: monkey小工具各流程日志输出: 全部kwargs参数信息 , {}
[2018-01-26 09:14:47.084876] INFO: monkey小工具各流程日志输出: 当前模块 启动app时间线程测试
[2018-01-26 09:14:47.085875] INFO: monkey小工具各流程日志输出: 全部args参数参数信息 , ()
[2018-01-26 09:14:47.085875] INFO: monkey小工具各流程日志输出: 全部kwargs参数信息 , {}
[2018-01-26 09:20:07.908484] INFO: monkey小工具各流程日志输出: 当前模块 次用线程来启动测试！采集cpu占用率,上传下载流量，内存
[2018-01-26 09:20:07.909483] INFO: monkey小工具各流程日志输出: 全部args参数参数信息 , ()
[2018-01-26 09:20:07.909483] INFO: monkey小工具各流程日志输出: 全部kwargs参数信息 , {}
[2018-01-26 09:20:15.410486] INFO: monkey小工具各流程日志输出: 当前模块 启动app时间线程测试
[2018-01-26 09:20:15.410486] INFO: monkey小工具各流程日志输出: 全部args参数参数信息 , ()
[2018-01-26 09:20:15.411486] INFO: monkey小工具各流程日志输出: 全部kwargs参数信息 , {}
[2018-01-26 09:20:53.949503] INFO: monkey小工具各流程日志输出: 当前模块 判断系统，使用相应的命令
[2018-01-26 09:20:53.950491] INFO: monkey小工具各流程日志输出: 全部args参数参数信息 , ()
[2018-01-26 09:20:53.951490] INFO: monkey小工具各流程日志输出: 全部kwargs参数信息 , {}
[2018-01-26 09:20:53.997496] INFO: monkey小工具各流程日志输出: 测试小程序开始启动！测试开启！
[2018-01-26 09:20:53.998495] INFO: monkey小工具各流程日志输出: 当前模块 获取设备状态
[2018-01-26 09:20:53.999493] INFO: monkey小工具各流程日志输出: 全部args参数参数信息 , ()
[2018-01-26 09:20:53.999493] INFO: monkey小工具各流程日志输出: 全部kwargs参数信息 , {}
[2018-01-26 09:21:32.602501] INFO: monkey小工具各流程日志输出: 当前模块 次用线程来启动测试！采集cpu占用率,上传下载流量，内存
[2018-01-26 09:21:32.603500] INFO: monkey小工具各流程日志输出: 全部args参数参数信息 , ()
[2018-01-26 09:21:32.604500] INFO: monkey小工具各流程日志输出: 全部kwargs参数信息 , {}
[2018-01-26 09:21:39.170514] INFO: monkey小工具各流程日志输出: 当前模块 启动app时间线程测试
[2018-01-26 09:21:39.171501] INFO: monkey小工具各流程日志输出: 全部args参数参数信息 , ()
[2018-01-26 09:21:39.171501] INFO: monkey小工具各流程日志输出: 全部kwargs参数信息 , {}
[2018-01-26 09:21:55.351507] INFO: monkey小工具各流程日志输出: 当前模块 判断系统，使用相应的命令
[2018-01-26 09:21:55.352507] INFO: monkey小工具各流程日志输出: 全部args参数参数信息 , ()
[2018-01-26 09:21:55.352507] INFO: monkey小工具各流程日志输出: 全部kwargs参数信息 , {}
[2018-01-26 09:21:55.398508] INFO: monkey小工具各流程日志输出: 测试小程序开始启动！测试开启！
[2018-01-26 09:21:55.399507] INFO: monkey小工具各流程日志输出: 当前模块 获取设备状态
[2018-01-26 09:21:55.400506] INFO: monkey小工具各流程日志输出: 全部args参数参数信息 , ()
[2018-01-26 09:21:55.400506] INFO: monkey小工具各流程日志输出: 全部kwargs参数信息 , {}
[2018-01-26 09:22:22.002512] INFO: monkey小工具各流程日志输出: 当前模块 monkey测试
[2018-01-26 09:22:22.003512] INFO: monkey小工具各流程日志输出: 全部args参数参数信息 , ()
[2018-01-26 09:22:22.004512] INFO: monkey小工具各流程日志输出: 全部kwargs参数信息 , {}
[2018-01-26 09:22:22.005511] INFO: monkey小工具各流程日志输出: 当前模块 获取设备状态
[2018-01-26 09:22:22.005511] INFO: monkey小工具各流程日志输出: 全部args参数参数信息 , ()
[2018-01-26 09:22:22.006511] INFO: monkey小工具各流程日志输出: 全部kwargs参数信息 , {}
[2018-01-26 09:22:22.036512] INFO: monkey小工具各流程日志输出: 请正确填写包名
[2018-01-26 09:22:25.660173] INFO: monkey小工具各流程日志输出: 当前模块 执行monkey测试
[2018-01-26 09:22:25.661174] INFO: monkey小工具各流程日志输出: 全部args参数参数信息 , ()
[2018-01-26 09:22:25.662176] INFO: monkey小工具各流程日志输出: 全部kwargs参数信息 , {'packagename': '0', 's_num': '0', 'throttle': '500', 'pct_touch': '0', 'pct_motion': '0', 'pct_trackball': '0', 'pct_nav': '0', 'pct_syskeys': '0', 'pct_appswitch': '0', 'num': '0', 'logfilepath': 'F:\\monekey.txt'}
[2018-01-26 09:23:08.971181] INFO: monkey小工具各流程日志输出: 当前模块 monkey测试
[2018-01-26 09:23:08.972181] INFO: monkey小工具各流程日志输出: 全部args参数参数信息 , ()
[2018-01-26 09:23:08.972181] INFO: monkey小工具各流程日志输出: 全部kwargs参数信息 , {}
[2018-01-26 09:23:08.973180] INFO: monkey小工具各流程日志输出: 当前模块 获取设备状态
[2018-01-26 09:23:08.973180] INFO: monkey小工具各流程日志输出: 全部args参数参数信息 , ()
[2018-01-26 09:23:08.974180] INFO: monkey小工具各流程日志输出: 全部kwargs参数信息 , {}
[2018-01-26 09:23:09.004182] INFO: monkey小工具各流程日志输出: 当前模块 执行monkey测试
[2018-01-26 09:23:09.005195] INFO: monkey小工具各流程日志输出: 全部args参数参数信息 , ()
[2018-01-26 09:23:09.005195] INFO: monkey小工具各流程日志输出: 全部kwargs参数信息 , {'packagename': 'com.pangpangzhu.p2papp', 's_num': '10', 'throttle': '500', 'pct_touch': '1', 'pct_motion': '1', 'pct_trackball': '1', 'pct_nav': '1', 'pct_syskeys': '1', 'pct_appswitch': '2', 'num': '10', 'logfilepath': 'F:\\monekey.txt'}
[2018-01-26 09:28:20.435286] INFO: monkey小工具各流程日志输出: 当前模块 monkey测试
[2018-01-26 09:28:20.436288] INFO: monkey小工具各流程日志输出: 全部args参数参数信息 , ()
[2018-01-26 09:28:20.436288] INFO: monkey小工具各流程日志输出: 全部kwargs参数信息 , {}
[2018-01-26 09:28:20.437286] INFO: monkey小工具各流程日志输出: 当前模块 获取设备状态
[2018-01-26 09:28:20.438286] INFO: monkey小工具各流程日志输出: 全部args参数参数信息 , ()
[2018-01-26 09:28:20.438286] INFO: monkey小工具各流程日志输出: 全部kwargs参数信息 , {}
[2018-01-26 09:28:20.487274] INFO: monkey小工具各流程日志输出: 当前模块 执行monkey测试
[2018-01-26 09:28:20.488274] INFO: monkey小工具各流程日志输出: 全部args参数参数信息 , ()
[2018-01-26 09:28:20.489274] INFO: monkey小工具各流程日志输出: 全部kwargs参数信息 , {'packagename': 'com.pangpangzhu.p2papp', 's_num': '10', 'throttle': '500', 'pct_touch': '1', 'pct_motion': '1', 'pct_trackball': '1', 'pct_nav': '1', 'pct_syskeys': '1', 'pct_appswitch': '2', 'num': '10', 'logfilepath': 'F:\\monekey.txt'}
[2018-01-26 09:28:53.027293] INFO: monkey小工具各流程日志输出: 当前模块 次用线程来启动测试！采集cpu占用率,上传下载流量，内存
[2018-01-26 09:28:53.028293] INFO: monkey小工具各流程日志输出: 全部args参数参数信息 , ()
[2018-01-26 09:28:53.028293] INFO: monkey小工具各流程日志输出: 全部kwargs参数信息 , {}
[2018-01-26 09:31:09.462321] INFO: monkey小工具各流程日志输出: 当前模块 次用线程来启动测试！采集cpu占用率,上传下载流量，内存
[2018-01-26 09:31:09.463311] INFO: monkey小工具各流程日志输出: 全部args参数参数信息 , ()
[2018-01-26 09:31:09.464309] INFO: monkey小工具各流程日志输出: 全部kwargs参数信息 , {}
[2018-01-26 09:32:38.400341] INFO: monkey小工具各流程日志输出: 当前模块 判断系统，使用相应的命令
[2018-01-26 09:32:38.401343] INFO: monkey小工具各流程日志输出: 全部args参数参数信息 , ()
[2018-01-26 09:32:38.401343] INFO: monkey小工具各流程日志输出: 全部kwargs参数信息 , {}
[2018-01-26 09:32:38.450331] INFO: monkey小工具各流程日志输出: 测试小程序开始启动！测试开启！
[2018-01-26 09:32:38.451331] INFO: monkey小工具各流程日志输出: 当前模块 获取设备状态
[2018-01-26 09:32:38.452331] INFO: monkey小工具各流程日志输出: 全部args参数参数信息 , ()
[2018-01-26 09:32:38.453331] INFO: monkey小工具各流程日志输出: 全部kwargs参数信息 , {}
[2018-01-26 09:32:55.387345] INFO: monkey小工具各流程日志输出: 当前模块 次用线程来启动测试！采集cpu占用率,上传下载流量，内存
[2018-01-26 09:32:55.388345] INFO: monkey小工具各流程日志输出: 全部args参数参数信息 , ()
[2018-01-26 09:32:55.388345] INFO: monkey小工具各流程日志输出: 全部kwargs参数信息 , {}
[2018-01-26 09:33:24.287389] INFO: monkey小工具各流程日志输出: 当前模块 判断系统，使用相应的命令
[2018-01-26 09:33:24.289391] INFO: monkey小工具各流程日志输出: 全部args参数参数信息 , ()
[2018-01-26 09:33:24.291389] INFO: monkey小工具各流程日志输出: 全部kwargs参数信息 , {}
[2018-01-26 09:33:24.345388] INFO: monkey小工具各流程日志输出: 测试小程序开始启动！测试开启！
[2018-01-26 09:33:24.348389] INFO: monkey小工具各流程日志输出: 当前模块 获取设备状态
[2018-01-26 09:33:24.349388] INFO: monkey小工具各流程日志输出: 全部args参数参数信息 , ()
[2018-01-26 09:33:24.350390] INFO: monkey小工具各流程日志输出: 全部kwargs参数信息 , {}
[2018-01-26 09:33:33.955389] INFO: monkey小工具各流程日志输出: 当前模块 次用线程来启动测试！采集cpu占用率,上传下载流量，内存
[2018-01-26 09:33:33.957390] INFO: monkey小工具各流程日志输出: 全部args参数参数信息 , ()
[2018-01-26 09:33:33.958390] INFO: monkey小工具各流程日志输出: 全部kwargs参数信息 , {}
[2018-01-26 09:35:03.275409] INFO: monkey小工具各流程日志输出: 当前模块 次用线程来启动测试！采集cpu占用率,上传下载流量，内存
[2018-01-26 09:35:03.278409] INFO: monkey小工具各流程日志输出: 全部args参数参数信息 , ()
[2018-01-26 09:35:03.281409] INFO: monkey小工具各流程日志输出: 全部kwargs参数信息 , {}
[2018-01-26 09:35:20.770412] INFO: monkey小工具各流程日志输出: 当前模块 判断系统，使用相应的命令
[2018-01-26 09:35:20.771412] INFO: monkey小工具各流程日志输出: 全部args参数参数信息 , ()
[2018-01-26 09:35:20.771412] INFO: monkey小工具各流程日志输出: 全部kwargs参数信息 , {}
[2018-01-26 09:35:20.821413] INFO: monkey小工具各流程日志输出: 测试小程序开始启动！测试开启！
[2018-01-26 09:35:20.822415] INFO: monkey小工具各流程日志输出: 当前模块 获取设备状态
[2018-01-26 09:35:20.822415] INFO: monkey小工具各流程日志输出: 全部args参数参数信息 , ()
[2018-01-26 09:35:20.823413] INFO: monkey小工具各流程日志输出: 全部kwargs参数信息 , {}
[2018-01-26 09:35:42.793439] INFO: monkey小工具各流程日志输出: 当前模块 判断系统，使用相应的命令
[2018-01-26 09:35:42.797421] INFO: monkey小工具各流程日志输出: 全部args参数参数信息 , ()
[2018-01-26 09:35:42.798419] INFO: monkey小工具各流程日志输出: 全部kwargs参数信息 , {}
[2018-01-26 09:35:42.851416] INFO: monkey小工具各流程日志输出: 测试小程序开始启动！测试开启！
[2018-01-26 09:35:42.852429] INFO: monkey小工具各流程日志输出: 当前模块 获取设备状态
[2018-01-26 09:35:42.854429] INFO: monkey小工具各流程日志输出: 全部args参数参数信息 , ()
[2018-01-26 09:35:42.855428] INFO: monkey小工具各流程日志输出: 全部kwargs参数信息 , {}
[2018-01-26 09:36:00.548422] INFO: monkey小工具各流程日志输出: 当前模块 次用线程来启动测试！采集cpu占用率,上传下载流量，内存
[2018-01-26 09:36:00.550449] INFO: monkey小工具各流程日志输出: 全部args参数参数信息 , ()
[2018-01-26 09:36:00.552420] INFO: monkey小工具各流程日志输出: 全部kwargs参数信息 , {}
[2018-01-26 09:38:40.455503] INFO: monkey小工具各流程日志输出: 当前模块 次用线程来启动测试！采集cpu占用率,上传下载流量，内存
[2018-01-26 09:38:40.457506] INFO: monkey小工具各流程日志输出: 全部args参数参数信息 , ()
[2018-01-26 09:38:40.458511] INFO: monkey小工具各流程日志输出: 全部kwargs参数信息 , {}
[2018-01-26 09:38:53.502517] INFO: monkey小工具各流程日志输出: 当前模块 判断系统，使用相应的命令
[2018-01-26 09:38:53.506508] INFO: monkey小工具各流程日志输出: 全部args参数参数信息 , ()
[2018-01-26 09:38:53.507505] INFO: monkey小工具各流程日志输出: 全部kwargs参数信息 , {}
[2018-01-26 09:38:53.560523] INFO: monkey小工具各流程日志输出: 测试小程序开始启动！测试开启！
[2018-01-26 09:38:53.562504] INFO: monkey小工具各流程日志输出: 当前模块 获取设备状态
[2018-01-26 09:38:53.563524] INFO: monkey小工具各流程日志输出: 全部args参数参数信息 , ()
[2018-01-26 09:38:53.564523] INFO: monkey小工具各流程日志输出: 全部kwargs参数信息 , {}
